This is pdfTeX, Version 3.141592653-2.6-1.40.29 (MiKTeX 26.5) (preloaded format=pdflatex 2026.6.22)  11 JUL 2026 16:21
entering extended mode
 restricted \write18 enabled.
 %&-line parsing enabled.
**./paper.tex
(paper.tex
LaTeX2e <2026-06-01>
L3 programming layer <2026-05-26>
(/home/tempest/.miktex/texmfs/install/tex/latex/ieeetran/IEEEtran.cls
Document Class: IEEEtran 2015/08/26 V1.8b by Michael Shell
-- See the "IEEEtran_HOWTO" manual for usage information.
-- http://www.michaelshell.org/tex/ieeetran/
\@IEEEtrantmpdimenA=\dimen150
\@IEEEtrantmpdimenB=\dimen151
\@IEEEtrantmpdimenC=\dimen152
\@IEEEtrantmpcountA=\count276
\@IEEEtrantmpcountB=\count277
\@IEEEtrantmpcountC=\count278
\@IEEEtrantmptoksA=\toks17
LaTeX Font Info:    Trying to load font information for OT1+ptm on input line 5
03.
(/home/tempest/.miktex/texmfs/install/tex/latex/psnfss/ot1ptm.fd
File: ot1ptm.fd 2001/06/04 font definitions for OT1/ptm.
)
-- Using 8.5in x 11in (letter) paper.
-- Using PDF output.
\@IEEEnormalsizeunitybaselineskip=\dimen153
-- This is a 10 point document.
LaTeX Encoding Info:    Redeclaring text command \textunderscore (encoding ?) o
n input line 937.
\CLASSINFOnormalsizebaselineskip=\dimen154
\CLASSINFOnormalsizeunitybaselineskip=\dimen155
\IEEEnormaljot=\dimen156
LaTeX Font Info:    Font shape `OT1/ptm/bx/n' in size <5> not available
(Font)              Font shape `OT1/ptm/b/n' tried instead on input line 1090.
LaTeX Font Info:    Font shape `OT1/ptm/bx/it' in size <5> not available
(Font)              Font shape `OT1/ptm/b/it' tried instead on input line 1090.

LaTeX Font Info:    Font shape `OT1/ptm/bx/n' in size <7> not available
(Font)              Font shape `OT1/ptm/b/n' tried instead on input line 1090.
LaTeX Font Info:    Font shape `OT1/ptm/bx/it' in size <7> not available
(Font)              Font shape `OT1/ptm/b/it' tried instead on input line 1090.

LaTeX Font Info:    Font shape `OT1/ptm/bx/n' in size <8> not available
(Font)              Font shape `OT1/ptm/b/n' tried instead on input line 1090.
LaTeX Font Info:    Font shape `OT1/ptm/bx/it' in size <8> not available
(Font)              Font shape `OT1/ptm/b/it' tried instead on input line 1090.

LaTeX Font Info:    Font shape `OT1/ptm/bx/n' in size <9> not available
(Font)              Font shape `OT1/ptm/b/n' tried instead on input line 1090.
LaTeX Font Info:    Font shape `OT1/ptm/bx/it' in size <9> not available
(Font)              Font shape `OT1/ptm/b/it' tried instead on input line 1090.

LaTeX Font Info:    Font shape `OT1/ptm/bx/n' in size <10> not available
(Font)              Font shape `OT1/ptm/b/n' tried instead on input line 1090.
LaTeX Font Info:    Font shape `OT1/ptm/bx/it' in size <10> not available
(Font)              Font shape `OT1/ptm/b/it' tried instead on input line 1090.

LaTeX Font Info:    Font shape `OT1/ptm/bx/n' in size <11> not available
(Font)              Font shape `OT1/ptm/b/n' tried instead on input line 1090.
LaTeX Font Info:    Font shape `OT1/ptm/bx/it' in size <11> not available
(Font)              Font shape `OT1/ptm/b/it' tried instead on input line 1090.

LaTeX Font Info:    Font shape `OT1/ptm/bx/n' in size <12> not available
(Font)              Font shape `OT1/ptm/b/n' tried instead on input line 1090.
LaTeX Font Info:    Font shape `OT1/ptm/bx/it' in size <12> not available
(Font)              Font shape `OT1/ptm/b/it' tried instead on input line 1090.

LaTeX Font Info:    Font shape `OT1/ptm/bx/n' in size <17> not available
(Font)              Font shape `OT1/ptm/b/n' tried instead on input line 1090.
LaTeX Font Info:    Font shape `OT1/ptm/bx/it' in size <17> not available
(Font)              Font shape `OT1/ptm/b/it' tried instead on input line 1090.

LaTeX Font Info:    Font shape `OT1/ptm/bx/n' in size <20> not available
(Font)              Font shape `OT1/ptm/b/n' tried instead on input line 1090.
LaTeX Font Info:    Font shape `OT1/ptm/bx/it' in size <20> not available
(Font)              Font shape `OT1/ptm/b/it' tried instead on input line 1090.

LaTeX Font Info:    Font shape `OT1/ptm/bx/n' in size <24> not available
(Font)              Font shape `OT1/ptm/b/n' tried instead on input line 1090.
LaTeX Font Info:    Font shape `OT1/ptm/bx/it' in size <24> not available
(Font)              Font shape `OT1/ptm/b/it' tried instead on input line 1090.

\IEEEquantizedlength=\dimen157
\IEEEquantizedlengthdiff=\dimen158
\IEEEquantizedtextheightdiff=\dimen159
\IEEEilabelindentA=\dimen160
\IEEEilabelindentB=\dimen161
\IEEEilabelindent=\dimen162
\IEEEelabelindent=\dimen163
\IEEEdlabelindent=\dimen164
\IEEElabelindent=\dimen165
\IEEEiednormlabelsep=\dimen166
\IEEEiedmathlabelsep=\dimen167
\IEEEiedtopsep=\skip49
\c@section=\count279
\c@subsection=\count280
\c@subsubsection=\count281
\c@paragraph=\count282
\c@IEEEsubequation=\count283
\abovecaptionskip=\skip50
\belowcaptionskip=\skip51
\c@figure=\count284
\c@table=\count285
\@IEEEeqnnumcols=\count286
\@IEEEeqncolcnt=\count287
\@IEEEsubeqnnumrollback=\count288
\@IEEEquantizeheightA=\dimen168
\@IEEEquantizeheightB=\dimen169
\@IEEEquantizeheightC=\dimen170
\@IEEEquantizeprevdepth=\dimen171
\@IEEEquantizemultiple=\count289
\@IEEEquantizeboxA=\box53
\@IEEEtmpitemindent=\dimen172
\IEEEPARstartletwidth=\dimen173
\c@IEEEbiography=\count290
\@IEEEtranrubishbin=\box54
) (/home/tempest/.miktex/texmfs/install/tex/latex/amsmath/amsmath.sty
Package: amsmath 2026/05/19 v2.18d AMS math features
\@mathmargin=\skip52

For additional information on amsmath, use the `?' option.
(/home/tempest/.miktex/texmfs/install/tex/latex/amsmath/amstext.sty
Package: amstext 2024/11/17 v2.01 AMS text

(/home/tempest/.miktex/texmfs/install/tex/latex/amsmath/amsgen.sty
File: amsgen.sty 1999/11/30 v2.0 generic functions
\@emptytoks=\toks18
\ex@=\dimen174
))
(/home/tempest/.miktex/texmfs/install/tex/latex/amsmath/amsbsy.sty
Package: amsbsy 1999/11/29 v1.2d Bold Symbols
\pmbraise@=\dimen175
)
(/home/tempest/.miktex/texmfs/install/tex/latex/amsmath/amsopn.sty
Package: amsopn 2022/04/08 v2.04 operator names
)
\inf@bad=\count291
LaTeX Info: Redefining \frac on input line 233.
\uproot@=\count292
\leftroot@=\count293
LaTeX Info: Redefining \overline on input line 398.
LaTeX Info: Redefining \colon on input line 409.
\classnum@=\count294
\DOTSCASE@=\count295
LaTeX Info: Redefining \ldots on input line 495.
LaTeX Info: Redefining \dots on input line 498.
LaTeX Info: Redefining \cdots on input line 619.
\Mathstrutbox@=\box55
\strutbox@=\box56
LaTeX Info: Redefining \big on input line 721.
LaTeX Info: Redefining \Big on input line 722.
LaTeX Info: Redefining \bigg on input line 723.
LaTeX Info: Redefining \Bigg on input line 724.
\big@size=\dimen176
LaTeX Font Info:    Redeclaring font encoding OML on input line 742.
LaTeX Font Info:    Redeclaring font encoding OMS on input line 743.
\macc@depth=\count296
LaTeX Info: Redefining \bmod on input line 904.
LaTeX Info: Redefining \pmod on input line 909.
LaTeX Info: Redefining \smash on input line 939.
LaTeX Info: Redefining \relbar on input line 969.
LaTeX Info: Redefining \Relbar on input line 970.
\c@MaxMatrixCols=\count297
\dotsspace@=\muskip17
\c@parentequation=\count298
\dspbrk@lvl=\count299
\tag@help=\toks19
\row@=\count300
\column@=\count301
\maxfields@=\count302
\andhelp@=\toks20
\eqnshift@=\dimen177
\alignsep@=\dimen178
\tagshift@=\dimen179
\tagwidth@=\dimen180
\totwidth@=\dimen181
\lineht@=\dimen182
\@envbody=\toks21
\multlinegap=\skip53
\multlinetaggap=\skip54
\mathdisplay@stack=\toks22
LaTeX Info: Redefining \[ on input line 2965.
LaTeX Info: Redefining \] on input line 2966.
)
(/home/tempest/.miktex/texmfs/install/tex/latex/amsfonts/amssymb.sty
Package: amssymb 2013/01/14 v3.01 AMS font symbols

(/home/tempest/.miktex/texmfs/install/tex/latex/amsfonts/amsfonts.sty
Package: amsfonts 2013/01/14 v3.01 Basic AMSFonts support
\symAMSa=\mathgroup4
\symAMSb=\mathgroup5
LaTeX Font Info:    Redeclaring math symbol \hbar on input line 98.
LaTeX Font Info:    Overwriting math alphabet `\mathfrak' in version `bold'
(Font)                  U/euf/m/n --> U/euf/b/n on input line 106.
))
(/home/tempest/.miktex/texmfs/install/tex/latex/booktabs/booktabs.sty
Package: booktabs 2020/01/12 v1.61803398 Publication quality tables
\heavyrulewidth=\dimen183
\lightrulewidth=\dimen184
\cmidrulewidth=\dimen185
\belowrulesep=\dimen186
\belowbottomsep=\dimen187
\aboverulesep=\dimen188
\abovetopsep=\dimen189
\cmidrulesep=\dimen190
\cmidrulekern=\dimen191
\defaultaddspace=\dimen192
\@cmidla=\count303
\@cmidlb=\count304
\@aboverulesep=\dimen193
\@belowrulesep=\dimen194
\@thisruleclass=\count305
\@lastruleclass=\count306
\@thisrulewidth=\dimen195
)
(/home/tempest/.miktex/texmfs/install/tex/latex/xcolor/xcolor.sty
Package: xcolor 2024/09/29 v3.02 LaTeX color extensions (UK)

(/home/tempest/.miktex/texmfs/install/tex/latex/graphics-cfg/color.cfg
File: color.cfg 2016/01/02 v1.6 sample color configuration
)
Package xcolor Info: Driver file: pdftex.def on input line 274.

(/home/tempest/.miktex/texmfs/install/tex/latex/graphics-def/pdftex.def
File: pdftex.def 2025/09/29 v1.2d Graphics/color driver for pdftex
)
(/home/tempest/.miktex/texmfs/install/tex/latex/graphics/mathcolor.ltx)
Package xcolor Info: Model `cmy' substituted by `cmy0' on input line 1349.
Package xcolor Info: Model `hsb' substituted by `rgb' on input line 1353.
Package xcolor Info: Model `RGB' extended on input line 1365.
Package xcolor Info: Model `HTML' substituted by `rgb' on input line 1367.
Package xcolor Info: Model `Hsb' substituted by `hsb' on input line 1368.
Package xcolor Info: Model `tHsb' substituted by `hsb' on input line 1369.
Package xcolor Info: Model `HSB' substituted by `hsb' on input line 1370.
Package xcolor Info: Model `Gray' substituted by `gray' on input line 1371.
Package xcolor Info: Model `wave' substituted by `hsb' on input line 1372.
)
(/home/tempest/.miktex/texmfs/install/tex/latex/colortbl/colortbl.sty
Package: colortbl 2026/05/01 v1.0l Color table columns (DPC)

(/home/tempest/.miktex/texmfs/install/tex/latex/tools/array.sty
Package: array 2026/02/24 v2.7b Tabular extension package (FMi)
\col@sep=\dimen196
\ar@mcellbox=\box57
\extrarowheight=\dimen197
\NC@list=\toks23
\extratabsurround=\skip55
\backup@length=\skip56
\ar@cellbox=\box58
)
new hooks used!!
\minrowclearance=\skip57
\rownum=\count307
) (/home/tempest/.miktex/texmfs/install/tex/latex/algorithms/algorithm.sty
Package: algorithm 2009/08/24 v0.1 Document Style `algorithm' - floating enviro
nment

(/home/tempest/.miktex/texmfs/install/tex/latex/float/float.sty
Package: float 2001/11/08 v1.3d Float enhancements (AL)
\c@float@type=\count308
\float@exts=\toks24
\float@box=\box59
\@float@everytoks=\toks25
\@floatcapt=\box60
)
(/home/tempest/.miktex/texmfs/install/tex/latex/base/ifthen.sty
Package: ifthen 2024/03/16 v1.1e Standard LaTeX ifthen package (DPC)
)
\@float@every@algorithm=\toks26
\c@algorithm=\count309
)
(/home/tempest/.miktex/texmfs/install/tex/latex/algorithmicx/algpseudocode.sty
Package: algpseudocode 

(/home/tempest/.miktex/texmfs/install/tex/latex/algorithmicx/algorithmicx.sty
Package: algorithmicx 2005/04/27 v1.2 Algorithmicx

Document Style algorithmicx 1.2 - a greatly improved `algorithmic' style
\c@ALG@line=\count310
\c@ALG@rem=\count311
\c@ALG@nested=\count312
\ALG@tlm=\skip58
\ALG@thistlm=\skip59
\c@ALG@Lnr=\count313
\c@ALG@blocknr=\count314
\c@ALG@storecount=\count315
\c@ALG@tmpcounter=\count316
\ALG@tmplength=\skip60
)
Document Style - pseudocode environments for use with the `algorithmicx' style
) (/home/tempest/.miktex/texmfs/install/tex/latex/cite/cite.sty
LaTeX Info: Redefining \cite on input line 302.
LaTeX Info: Redefining \nocite on input line 332.
Package: cite 2015/02/27  v 5.5
)
(/home/tempest/.miktex/texmfs/install/tex/latex/hyperref/hyperref.sty
Package: hyperref 2026-04-24 v7.01q Hypertext links for LaTeX

(/home/tempest/.miktex/texmfs/install/tex/generic/iftex/iftex.sty
Package: iftex 2024/12/12 v1.0g TeX engine tests
)
(/home/tempest/.miktex/texmfs/install/tex/latex/graphics/keyval.sty
Package: keyval 2026-05-17 v1.15 key=value parser (DPC)
\KV@toks@=\toks27
)
(/home/tempest/.miktex/texmfs/install/tex/latex/kvsetkeys/kvsetkeys.sty
Package: kvsetkeys 2022-10-05 v1.19 Key value parser (HO)
)
(/home/tempest/.miktex/texmfs/install/tex/generic/kvdefinekeys/kvdefinekeys.sty
Package: kvdefinekeys 2019-12-19 v1.6 Define keys (HO)
) (/home/tempest/.miktex/texmfs/install/tex/generic/pdfescape/pdfescape.sty
Package: pdfescape 2019/12/09 v1.15 Implements pdfTeX's escape features (HO)

(/home/tempest/.miktex/texmfs/install/tex/generic/ltxcmds/ltxcmds.sty
Package: ltxcmds 2023-12-04 v1.26 LaTeX kernel commands for general use (HO)
)
(/home/tempest/.miktex/texmfs/install/tex/generic/pdftexcmds/pdftexcmds.sty
Package: pdftexcmds 2020-06-27 v0.33 Utility functions of pdfTeX for LuaTeX (HO
)

(/home/tempest/.miktex/texmfs/install/tex/generic/infwarerr/infwarerr.sty
Package: infwarerr 2019/12/03 v1.5 Providing info/warning/error messages (HO)
)
Package pdftexcmds Info: \pdf@primitive is available.
Package pdftexcmds Info: \pdf@ifprimitive is available.
Package pdftexcmds Info: \pdfdraftmode found.
))
(/home/tempest/.miktex/texmfs/install/tex/latex/hycolor/hycolor.sty
Package: hycolor 2020-01-27 v1.10 Color options for hyperref/bookmark (HO)
)
(/home/tempest/.miktex/texmfs/install/tex/latex/hyperref/nameref.sty
Package: nameref 2026-01-29 v2.58 Cross-referencing by name of section

(/home/tempest/.miktex/texmfs/install/tex/latex/refcount/refcount.sty
Package: refcount 2019/12/15 v3.6 Data extraction from label references (HO)
)
(/home/tempest/.miktex/texmfs/install/tex/generic/gettitlestring/gettitlestring
.sty
Package: gettitlestring 2019/12/15 v1.6 Cleanup title references (HO)
 (/home/tempest/.miktex/texmfs/install/tex/latex/kvoptions/kvoptions.sty
Package: kvoptions 2022-06-15 v3.15 Key value format for package options (HO)
))
\c@section@level=\count317
) (/home/tempest/.miktex/texmfs/install/tex/latex/etoolbox/etoolbox.sty
Package: etoolbox 2025/10/02 v2.5m e-TeX tools for LaTeX (JAW)
\etb@tempcnta=\count318
)
(/home/tempest/.miktex/texmfs/install/tex/generic/stringenc/stringenc.sty
Package: stringenc 2019/11/29 v1.12 Convert strings between diff. encodings (HO
)
)
\@linkdim=\dimen198
\Hy@linkcounter=\count319
\Hy@pagecounter=\count320

(/home/tempest/.miktex/texmfs/install/tex/latex/hyperref/pd1enc.def
File: pd1enc.def 2026-04-24 v7.01q Hyperref: PDFDocEncoding definition (HO)
Now handling font encoding PD1 ...
... no UTF-8 mapping file for font encoding PD1
)
(/home/tempest/.miktex/texmfs/install/tex/generic/intcalc/intcalc.sty
Package: intcalc 2019/12/15 v1.3 Expandable calculations with integers (HO)
)
\Hy@SavedSpaceFactor=\count321

(/home/tempest/.miktex/texmfs/install/tex/latex/hyperref/puenc.def
File: puenc.def 2026-04-24 v7.01q Hyperref: PDF Unicode definition (HO)
Now handling font encoding PU ...
... no UTF-8 mapping file for font encoding PU
)
Package hyperref Info: Hyper figures OFF on input line 4199.
Package hyperref Info: Link nesting OFF on input line 4204.
Package hyperref Info: Hyper index ON on input line 4207.
Package hyperref Info: Plain pages OFF on input line 4214.
Package hyperref Info: Backreferencing OFF on input line 4219.
Package hyperref Info: Implicit mode ON; LaTeX internals redefined.
Package hyperref Info: Bookmarks ON on input line 4466.
\c@Hy@tempcnt=\count322

(/home/tempest/.miktex/texmfs/install/tex/latex/url/url.sty
\Urlmuskip=\muskip18
Package: url 2013/09/16  ver 3.4  Verb mode for urls, etc.
)
LaTeX Info: Redefining \url on input line 4805.
\XeTeXLinkMargin=\dimen199

(/home/tempest/.miktex/texmfs/install/tex/generic/bitset/bitset.sty
Package: bitset 2019/12/09 v1.3 Handle bit-vector datatype (HO)

(/home/tempest/.miktex/texmfs/install/tex/generic/bigintcalc/bigintcalc.sty
Package: bigintcalc 2019/12/15 v1.5 Expandable calculations on big integers (HO
)
))
\Fld@menulength=\count323
\Field@Width=\dimen256
\Fld@charsize=\dimen257
Package hyperref Info: Hyper figures OFF on input line 6091.
Package hyperref Info: Link nesting OFF on input line 6096.
Package hyperref Info: Hyper index ON on input line 6099.
Package hyperref Info: backreferencing OFF on input line 6106.
Package hyperref Info: Link coloring OFF on input line 6111.
Package hyperref Info: Link coloring with OCG OFF on input line 6116.
Package hyperref Info: PDF/A mode OFF on input line 6121.
\Hy@abspage=\count324
\c@Item=\count325
\c@Hfootnote=\count326
)
Package hyperref Info: Driver (autodetected): hpdftex.

(/home/tempest/.miktex/texmfs/install/tex/latex/hyperref/hpdftex.def
File: hpdftex.def 2026-04-24 v7.01q Hyperref driver for pdfTeX
\Fld@listcount=\count327
\c@bookmark@seq@number=\count328

(/home/tempest/.miktex/texmfs/install/tex/latex/rerunfilecheck/rerunfilecheck.s
ty
Package: rerunfilecheck 2025-06-21 v1.11 Rerun checks for auxiliary files (HO)

(/home/tempest/.miktex/texmfs/install/tex/generic/uniquecounter/uniquecounter.s
ty
Package: uniquecounter 2019/12/15 v1.4 Provide unlimited unique counter (HO)
)
Package uniquecounter Info: New unique counter `rerunfilecheck' on input line 2
84.
)
\Hy@SectionHShift=\skip61
) (/home/tempest/.miktex/texmfs/install/tex/latex/multirow/multirow.sty
Package: multirow 2024/11/12 v2.9 Span multiple rows of a table
\multirow@colwidth=\skip62
\multirow@cntb=\count329
\multirow@dima=\skip63
\bigstrutjot=\dimen258
)
(/home/tempest/.miktex/texmfs/install/tex/latex/graphics/graphicx.sty
Package: graphicx 2026-05-17 v1.2e Enhanced LaTeX Graphics (DPC,SPQR)

(/home/tempest/.miktex/texmfs/install/tex/latex/graphics/graphics.sty
Package: graphics 2026-05-17 v1.4h Standard LaTeX Graphics (DPC,SPQR)

(/home/tempest/.miktex/texmfs/install/tex/latex/graphics/trig.sty
Package: trig 2023/12/02 v1.11 sin cos tan (DPC)
)
(/home/tempest/.miktex/texmfs/install/tex/latex/graphics-cfg/graphics.cfg
File: graphics.cfg 2016/06/04 v1.11 sample graphics configuration
)
Package graphics Info: Driver file: pdftex.def on input line 106.
)
\Gin@req@height=\dimen259
\Gin@req@width=\dimen260
)
Package hyperref Info: Option `colorlinks' set `true' on input line 19.

(/home/tempest/.miktex/texmfs/install/tex/latex/l3backend-dev/l3backend-pdftex.
def
File: l3backend-pdftex.def 2026-02-18 L3 backend support: PDF output (pdfTeX)
\l__color_backend_stack_int=\count330
) (paper.aux)
\openout1 = `paper.aux'.

LaTeX Font Info:    Checking defaults for OML/cmm/m/it on input line 26.
LaTeX Font Info:    ... okay on input line 26.
LaTeX Font Info:    Checking defaults for OMS/cmsy/m/n on input line 26.
LaTeX Font Info:    ... okay on input line 26.
LaTeX Font Info:    Checking defaults for OT1/cmr/m/n on input line 26.
LaTeX Font Info:    ... okay on input line 26.
LaTeX Font Info:    Checking defaults for T1/cmr/m/n on input line 26.
LaTeX Font Info:    ... okay on input line 26.
LaTeX Font Info:    Checking defaults for TS1/cmr/m/n on input line 26.
LaTeX Font Info:    ... okay on input line 26.
LaTeX Font Info:    Checking defaults for OMX/cmex/m/n on input line 26.
LaTeX Font Info:    ... okay on input line 26.
LaTeX Font Info:    Checking defaults for U/cmr/m/n on input line 26.
LaTeX Font Info:    ... okay on input line 26.
LaTeX Font Info:    Checking defaults for PD1/pdf/m/n on input line 26.
LaTeX Font Info:    ... okay on input line 26.
LaTeX Font Info:    Checking defaults for PU/pdf/m/n on input line 26.
LaTeX Font Info:    ... okay on input line 26.

-- Lines per column: 58 (exact).
(/home/tempest/.miktex/texmfs/install/tex/context/base/mkii/supp-pdf.mkii
[Loading MPS to PDF converter (version 2006.09.02).]
\scratchcounter=\count331
\scratchdimen=\dimen261
\scratchbox=\box61
\nofMPsegments=\count332
\nofMParguments=\count333
\everyMPshowfont=\toks28
\MPscratchCnt=\count334
\MPscratchDim=\dimen262
\MPnumerator=\count335
\makeMPintoPDFobject=\count336
\everyMPtoPDFconversion=\toks29
)
(/home/tempest/.miktex/texmfs/install/tex/latex/epstopdf-pkg/epstopdf-base.sty
Package: epstopdf-base 2020-01-24 v2.11 Base part for package epstopdf
Package epstopdf-base Info: Redefining graphics rule for `.eps' on input line 4
85.

(/home/tempest/.miktex/texmfs/install/tex/latex/00miktex/epstopdf-sys.cfg
File: epstopdf-sys.cfg 2021/03/18 v2.0 Configuration of epstopdf for MiKTeX
))
Package hyperref Info: Link coloring ON on input line 26.

(paper.out) (paper.out)
\@outlinefile=\write3
\openout3 = `paper.out'.

LaTeX Font Info:    Trying to load font information for U+msa on input line 31.


(/home/tempest/.miktex/texmfs/install/tex/latex/amsfonts/umsa.fd
File: umsa.fd 2013/01/14 v3.01 AMS symbols A
)
LaTeX Font Info:    Trying to load font information for U+msb on input line 31.


(/home/tempest/.miktex/texmfs/install/tex/latex/amsfonts/umsb.fd
File: umsb.fd 2013/01/14 v3.01 AMS symbols B
)
Underfull \hbox (badness 1881) in paragraph at lines 30--32
\OT1/ptm/b/n/9 detection. Existing Byzantine-robust aggregation methods---
 []


Underfull \hbox (badness 2057) in paragraph at lines 30--32
\OT1/ptm/b/n/9 Krum, trimmed mean, Bulyan, FLTrust, and others---are
 []


Underfull \hbox (badness 2384) in paragraph at lines 30--32
\OT1/ptm/b/n/9 benign gradient covariance, establishing a $\OMS/cmsy/m/n/9 ^^X$
\OT1/ptm/b/n/9 1.6% honest
 []


Underfull \hbox (badness 2042) in paragraph at lines 30--32
\OT1/ptm/b/n/9 mechanism with steady-state floor $\OML/cmm/m/it/9 R[] \OT1/cmr/
m/n/9 = 0\OML/cmm/m/it/9 :\OT1/cmr/m/n/9 85$ \OT1/ptm/b/n/9 prevents
 []


Underfull \hbox (badness 3872) in paragraph at lines 34--36
\OT1/ptm/b/n/9 robustness; adaptive attacks; spectral anomaly detection;
 []

LaTeX Font Info:    Trying to load font information for TS1+ptm on input line 4
3.
(/home/tempest/.miktex/texmfs/install/tex/latex/psnfss/ts1ptm.fd
File: ts1ptm.fd 2001/06/04 font definitions for TS1/ptm.
)
Underfull \hbox (badness 10000) in paragraph at lines 49--50
[]\OT1/ptm/m/n/10 This collaborative architecture introduces a critical
 []


Underfull \hbox (badness 4608) in paragraph at lines 49--50
\OT1/ptm/m/n/10 vulnerability: a malicious bank---or a legitimate bank
 []


Underfull \hbox (badness 2582) in paragraph at lines 49--50
\OT1/ptm/m/n/10 that poison the global model. Critically, the attacker's
 []


Underfull \hbox (badness 6204) in paragraph at lines 65--66
[]\OT1/ptm/b/n/10 Detection primitive. \OT1/ptm/m/n/10 We identify and formaliz
e
 []


Underfull \hbox (badness 5064) in paragraph at lines 65--66
\OT1/ptm/m/n/10 the \OT1/ptm/m/it/10 statelessness blind spot\OT1/ptm/m/n/10 --
-the vulnerability of
 []


Underfull \hbox (badness 6078) in paragraph at lines 65--66
\OT1/ptm/m/n/10 corrupted update sequences. We show that any
 []

[1{/home/tempest/.miktex/texmfs/data/fonts/map/pdftex/pdftex.map}{/home/tempest
/.miktex/texmfs/install/fonts/enc/dvips/base/8r.enc}


]
Underfull \hbox (badness 4582) in paragraph at lines 67--68
\OT1/ptm/m/n/10 filtering for rapid trivial-attack rejection, spectral
 []


Underfull \hbox (badness 3838) in paragraph at lines 67--68
\OT1/ptm/m/n/10 slow adaptive poisoning. We prove FPR bounds
 []


Underfull \hbox (badness 4303) in paragraph at lines 67--68
\OT1/ptm/m/n/10 a fairness guarantee. The cascade-aware adaptive
 []


Underfull \hbox (badness 1454) in paragraph at lines 69--70
[]\OT1/ptm/b/n/10 Attack taxonomy and operational envelope. \OT1/ptm/m/n/10 We
 []


Underfull \hbox (badness 5331) in paragraph at lines 69--70
\OT1/ptm/m/n/10 within those bounds---a fundamental consequence
 []


Underfull \hbox (badness 5862) in paragraph at lines 69--70
\OT1/ptm/m/n/10 of the information-theoretic gap between benign
 []


Underfull \hbox (badness 5726) in paragraph at lines 69--70
\OT1/ptm/m/n/10 transforms the known limitation into an honest
 []


Underfull \hbox (badness 1845) in paragraph at lines 72--73
[]\OT1/ptm/b/n/10 This paper presents the design-stage specification.
 []


Underfull \hbox (badness 6978) in paragraph at lines 72--73
\OT1/ptm/b/n/10 Experimental validation is in progress on cloud
 []


Underfull \hbox (badness 1755) in paragraph at lines 93--94
\OT1/ptm/m/n/10 Coordinate-wise median and trimmed mean [[][]9[][]] provide
 []


Underfull \hbox (badness 2065) in paragraph at lines 95--96
\OT1/ptm/m/n/10 data produces a broad honest cluster masking targeted
 []


Underfull \hbox (badness 4899) in paragraph at lines 95--96
\OT1/ptm/m/n/10 evasion. Third, methods inspecting per-client gradients
 []


Underfull \hbox (badness 2173) in paragraph at lines 95--96
\OT1/ptm/m/n/10 (FLTrust, FoolsGold, FLDetector) are incompatible with
 []


Underfull \hbox (badness 10000) in paragraph at lines 97--98
[]\OT1/ptm/m/n/10 Recent temporally-aware defenses---FLAME [[][]18[][]],
 []


Underfull \hbox (badness 2261) in paragraph at lines 101--102
[]\OT1/ptm/m/n/10 The adversarial ML community has studied adaptive
 []


Underfull \hbox (badness 4084) in paragraph at lines 101--102
\OT1/ptm/m/n/10 settings. Jagielski \OT1/ptm/m/it/10 et al. \OT1/ptm/m/n/10 [[]
[]22[][]] demonstrated omniscient
 []


Underfull \hbox (badness 2285) in paragraph at lines 101--102
\OT1/ptm/m/n/10 Shejwalkar and Houmansadr [[][]23[][]] proposed manipulated
 []


Underfull \hbox (badness 2951) in paragraph at lines 101--102
\OT1/ptm/m/n/10 FedAvg combining gradient manipulation with strategic
 []

[2]
Underfull \hbox (badness 1852) in paragraph at lines 103--104
\OT1/ptm/m/n/10 exist and are effective against per-round defenses. Our
 []


Underfull \hbox (badness 1668) in paragraph at lines 103--104
\OT1/ptm/m/it/10 create a natural temporally-adaptive attack pattern \OT1/ptm/m
/n/10 that
 []


Underfull \hbox (badness 10000) in paragraph at lines 154--155
[]\OT1/ptm/b/n/10 Controls $\OML/cmm/m/it/10 m$ \OT1/ptm/m/n/10 client banks an
d can dynamically
 []


Underfull \hbox (badness 5787) in paragraph at lines 154--155
\OT1/ptm/m/n/10 register/dispose of Sybil identities under resource
 []


Underfull \hbox (badness 3128) in paragraph at lines 155--156
[]\OT1/ptm/b/n/10 Knows \OT1/ptm/m/n/10 the defense architecture, aggregation r
ules,
 []


Underfull \hbox (badness 2351) in paragraph at lines 160--161
\OT1/ptm/m/n/10 under joint governance agreements with audited access
 []


Underfull \hbox (badness 2478) in paragraph at lines 170--171
\OT1/ptm/m/n/10 and reputation identity cycling (consortium membership
 []


Underfull \hbox (badness 2065) in paragraph at lines 179--180
\OT1/ptm/m/n/10 layers, each specializing in a distinct threat class. An
 []


Underfull \hbox (badness 2418) in paragraph at lines 179--180
\OT1/ptm/m/n/10 adaptive threshold escalation policy routes each update
 []


Underfull \hbox (badness 1448) in paragraph at lines 179--180
\OT1/ptm/m/n/10 to the appropriate layer based on confidence, bounding
 []

[3]
Underfull \hbox (badness 10000) in paragraph at lines 185--186
[]\OT1/ptm/b/n/10 Privacy-aware pipeline. \OT1/ptm/m/n/10 To preserve gradient
 []


Underfull \hbox (badness 2644) in paragraph at lines 190--191
[]\OT1/ptm/b/n/10 Purpose. \OT1/ptm/m/n/10 Rapidly reject trivially malicious u
pdates---
 []


Underfull \hbox (badness 3098) in paragraph at lines 190--191
\OT1/ptm/m/n/10 extreme magnitude or opposing direction---before more
 []


Underfull \hbox (badness 1655) in paragraph at lines 220--221
[] \OT1/cmr/m/n/10 ^^B$ \OT1/ptm/m/n/10 bound (\TS1/ptm/m/n/10 §[][][][][]\OT1/
ptm/m/n/10 ), relating the FPR degradation to
 []


Underfull \hbox (badness 6284) in paragraph at lines 222--223
\OT1/ptm/m/n/10 behavior, each bank's update reflects its independent
 []


Underfull \hbox (badness 2189) in paragraph at lines 222--223
\OT1/ptm/m/n/10 transaction distribution. While distributions differ across
 []


Underfull \hbox (badness 2126) in paragraph at lines 222--223
\OT1/ptm/m/n/10 banks, updates are not systematically correlated. Under
 []


Underfull \hbox (badness 2426) in paragraph at lines 224--225
\OT1/ptm/m/n/10 and unflagged residual distributions: $\OML/cmm/m/it/10 c[] \OT
1/cmr/m/n/10 = (\OML/cmm/m/it/10 ^^V[] \OMS/cmsy/m/n/10 ^^@
 []


Underfull \hbox (badness 3471) in paragraph at lines 231--232
[]\OT1/ptm/b/n/10 Mechanism. \OT1/ptm/m/n/10 Each client maintains a sliding-wi
ndow
 []

[4]
Underfull \hbox (badness 8132) in paragraph at lines 256--257
\OT1/ptm/m/n/10 The per-client baseline is essential in non-IID FL:
 []

Package hyperref Info: bookmark level for unknown algorithm defaults to 0 on in
put line 283.

Underfull \hbox (badness 1838) in paragraph at lines 334--335
[]\OT1/ptm/m/n/10 To incentivize high-quality contributions beyond mere
 []

[5]
Underfull \hbox (badness 3333) in paragraph at lines 347--348
\OT1/ptm/m/n/10 thresholds serve complementary purposes with separate
 []


Underfull \hbox (badness 1509) in paragraph at lines 362--362
\OT1/ptm/m/n/8 EMA reputation $\OML/cmm/m/it/8 R[]$ \OT1/ptm/m/n/8 drops below
 []


Underfull \hbox (badness 10000) in paragraph at lines 362--362
\OT1/ptm/m/n/8 flags when short-window
 []


Underfull \hbox (badness 10000) in paragraph at lines 362--362
\OT1/ptm/m/n/8 RCC deviates from baseline.
 []


Underfull \hbox (badness 3058) in paragraph at lines 362--362
\OML/cmm/m/it/8 ^^[[] \OT1/cmr/m/n/8 = [](\OMS/cmsy/m/n/8 k\OML/cmm/m/it/8 r[]\
OMS/cmsy/m/n/8 k\OT1/cmr/m/n/8 )$\OT1/ptm/m/n/8 , per-round
 []


Package hyperref Warning: Token not allowed in a PDF string (Unicode):
(hyperref)                removing `math shift' on input line 369.


Package hyperref Warning: Token not allowed in a PDF string (Unicode):
(hyperref)                removing `subscript' on input line 369.


Package hyperref Warning: Token not allowed in a PDF string (Unicode):
(hyperref)                removing `math shift' on input line 369.


Underfull \hbox (badness 10000) in paragraph at lines 380--381
 \OT1/ptm/m/it/10 3) Initial Baseline Estimation: [][][] \OT1/ptm/m/n/10 Comput
e per-client
 []


Underfull \hbox (badness 2173) in paragraph at lines 406--407
[]\OT1/ptm/m/n/10 where $\OML/cmm/m/it/10 k \OT1/cmr/m/n/10 = 3$ \OT1/ptm/m/n/1
0 approximates a $\OT1/cmr/m/n/10 3\OML/cmm/m/it/10 ^^[$ \OT1/ptm/m/n/10 bound 
on RCC
 []


Underfull \hbox (badness 5652) in paragraph at lines 415--416
[]\OT1/ptm/b/n/10 Blinding: \OT1/ptm/m/n/10 During $\OML/cmm/m/it/10 W[]$\OT1/p
tm/m/n/10 , each client's gradient is
 []


Underfull \hbox (badness 1874) in paragraph at lines 415--416
\OT1/ptm/m/n/10 individually noise-masked: $\OML/cmm/m/it/10 g[] \OT1/cmr/m/n/1
0 = \OML/cmm/m/it/10 g[] \OT1/cmr/m/n/10 + \OML/cmm/m/it/10 ^^Q[]$\OT1/ptm/m/n/
10 , $\OML/cmm/m/it/10 ^^Q[] \OMS/cmsy/m/n/10 ^^X
 []


Underfull \hbox (badness 1454) in paragraph at lines 422--423
[]\OT1/ptm/m/n/10 The Shapley values complement the reputation score:
 []

[6]

Package hyperref Warning: Token not allowed in a PDF string (Unicode):
(hyperref)                removing `math shift' on input line 471.


Package hyperref Warning: Token not allowed in a PDF string (Unicode):
(hyperref)                removing `math shift' on input line 471.


Underfull \hbox (badness 3240) in paragraph at lines 476--477
[]\OT1/ptm/m/n/10 Standard robust aggregation bounds require $\OML/cmm/m/it/10 
<
 []


Package hyperref Warning: Token not allowed in a PDF string (Unicode):
(hyperref)                removing `math shift' on input line 481.


Package hyperref Warning: Token not allowed in a PDF string (Unicode):
(hyperref)                removing `math shift' on input line 481.


Underfull \hbox (badness 5161) in paragraph at lines 489--490
[]\OT1/ptm/m/n/10 The attacker controls the input data quality of a
 []


Underfull \hbox (badness 4024) in paragraph at lines 513--514
[]\OT1/ptm/m/n/10 An adversary who constrains their updates to stay
 []


Underfull \hbox (badness 2556) in paragraph at lines 513--514
\OT1/ptm/m/n/10 and adversarial gradient distributions: no gradient-based
 []

[7]
Underfull \hbox (badness 5696) in paragraph at lines 515--516
[]\OT1/ptm/b/n/10 Projected ASR: \OT1/ptm/m/n/10 0.50 (definitive validation re
quires
 []


Underfull \hbox (badness 10000) in paragraph at lines 539--540

 []


Underfull \hbox (badness 1565) in paragraph at lines 547--548
[]\OT1/ptm/m/n/10 Fourteen baselines are evaluated (Table [][]IV[][]), covering

 []

[8]
Underfull \hbox (badness 2197) in paragraph at lines 623--624
[]$\OML/cmm/m/it/10 W[] \OMS/cmsy/m/n/10 2 f\OT1/cmr/m/n/10 100\OML/cmm/m/it/10
 ; \OT1/cmr/m/n/10 150\OML/cmm/m/it/10 ; \OT1/cmr/m/n/10 200\OML/cmm/m/it/10 ; 
\OT1/cmr/m/n/10 250\OML/cmm/m/it/10 ; \OT1/cmr/m/n/10 300\OMS/cmsy/m/n/10 g$ \O
T1/ptm/m/n/10 (warm-up window
 []


Underfull \hbox (badness 2744) in paragraph at lines 683--684
\OT1/ptm/m/n/10 reasoning, not experimentally measured. They represent
 []


LaTeX Font Warning: Font shape `TS1/ptm/m/sc' undefined
(Font)              using `TS1/ptm/m/n' instead
(Font)              for symbol `textsection' on input line 687.


Underfull \hbox (badness 3019) in paragraph at lines 726--727
\OT1/ptm/m/n/10 evaluation window $\OML/cmm/m/it/10 W$\OT1/ptm/m/n/10 . Under t
he statistical model of
 []

[9]
Underfull \hbox (badness 1490) in paragraph at lines 758--759
[]\OT1/ptm/m/n/10 The threshold update defines a dynamical system on
 []


Underfull \hbox (badness 4353) in paragraph at lines 765--766
[]\OT1/ptm/m/n/10 where $\OML/cmm/m/it/10 h$ \OT1/ptm/m/n/10 captures the attac
k-response signal. Under
 []


Underfull \hbox (badness 1888) in paragraph at lines 784--786
\OT1/ptm/m/n/10 where $\OML/cmm/m/it/10 ^^L$ \OT1/ptm/m/n/10 is a configurable 
sensitivity parameter. Under
 []

[10]
Underfull \hbox (badness 7722) in paragraph at lines 819--820
[]\OT1/ptm/m/n/10 This depends on the quantile function of honest
 []


Underfull \hbox (badness 10000) in paragraph at lines 828--829
[]\OT1/ptm/m/it/10 Proof sketch. \OT1/ptm/m/n/10 Under the sliding-window reput
ation
 []

LaTeX Font Info:    Trying to load font information for OT1+pcr on input line 8
39.
(/home/tempest/.miktex/texmfs/install/tex/latex/psnfss/ot1pcr.fd
File: ot1pcr.fd 2001/06/04 font definitions for OT1/pcr.
)
Underfull \hbox (badness 10000) in paragraph at lines 839--840
[]\OT1/pcr/m/n/8 [Raw grad.] $\OMS/cmsy/m/n/8 !$ \OT1/pcr/m/n/8 DP ($\OML/cmm/m
/it/8 e[]$\OT1/pcr/m/n/8 ) $\OMS/cmsy/m/n/8 !$ \OT1/pcr/m/n/8 L1 $\OMS/cmsy/m/n
/8 !$ \OT1/pcr/m/n/8 L2
 []


Underfull \hbox (badness 5175) in paragraph at lines 842--843
[]\OT1/ptm/m/n/10 The privacy guarantee is \OT1/ptm/b/n/10 cryptographic (DP)\O
T1/ptm/m/n/10 , not
 []


Underfull \hbox (badness 1616) in paragraph at lines 856--857
\OT1/ptm/m/n/10 attestation reports (enclave measurement hash, code
 []


Underfull \hbox (badness 10000) in paragraph at lines 905--906
\OT1/ptm/m/n/10 timing, page-fault, speculative execution---Plundervolt,
 []


Underfull \hbox (badness 3439) in paragraph at lines 905--906
\OT1/ptm/m/n/10 Mitigations include SEV-SNP and SGX v2 microcode
 []

[11]
Underfull \hbox (badness 2865) in paragraph at lines 918--919
[]\OT1/ptm/b/n/10 Gradient-as-Personal-Data. \OT1/ptm/m/n/10 Under \OT1/ptm/m/i
t/10 Nowak \OT1/ptm/m/n/10 (C-434/16),
 []


Underfull \hbox (badness 2368) in paragraph at lines 939--940
\OT1/ptm/m/n/10 values necessary for GDPR compliance, the alternative
 []


Underfull \hbox (badness 10000) in paragraph at lines 959--959
[]|\OT1/ptm/m/n/8 Track FPR autocorrelation, MCFF, reputation
 []


Underfull \hbox (badness 10000) in paragraph at lines 983--984
\OT1/ptm/m/n/9 ownership proportional to reputation-
 []


Underfull \hbox (badness 1910) in paragraph at lines 984--985
\OT1/ptm/m/n/9 receives a royalty-free license for fraud
 []


Underfull \hbox (badness 10000) in paragraph at lines 985--986
\OT1/ptm/m/n/9 fee; liability for erroneous scores
 []


Underfull \hbox (badness 1762) in paragraph at lines 992--993
\OT1/ptm/m/n/10 attestation mechanism (\TS1/ptm/m/n/10 §[][][][][]\OT1/ptm/m/n/
10 ): the independent auditor
 []

[12]
Underfull \hbox (badness 2573) in paragraph at lines 998--999
\OT1/ptm/m/n/10 AMD SEV-SNP attestation keys are managed by US-
 []


Underfull \hbox (badness 6157) in paragraph at lines 1002--1003
[]\OT1/ptm/m/n/10 Sovereign attestation services using non-US key
 []


Underfull \hbox (badness 2334) in paragraph at lines 1009--1010
\OT1/ptm/m/n/10 requirement. The design addresses this through a data
 []


Underfull \hbox (badness 1389) in paragraph at lines 1023--1025
\OT1/ptm/m/n/10 on a consent-authorized proxy dataset with explicit
 []


Underfull \hbox (badness 4072) in paragraph at lines 1025--1026
[]\OT1/ptm/b/n/10 Size: $\OML/cmm/m/it/10 N[] \OMS/cmsy/m/n/10 ^^U \OT1/cmr/m/n
/10 10\OML/cmm/m/it/10 ;  \OT1/cmr/m/n/10 000$ \OT1/ptm/m/n/10 (or 5% of traini
ng
 []


Underfull \hbox (badness 3128) in paragraph at lines 1027--1028
[]\OT1/ptm/b/n/10 Retention: \OT1/ptm/m/n/10 Tied to model lifecycle; automatic

 []


Underfull \hbox (badness 3557) in paragraph at lines 1028--1029
[]\OT1/ptm/b/n/10 Audit trail: \OT1/ptm/m/n/10 SHA-256 hash of proxy dataset
 []


Underfull \hbox (badness 4279) in paragraph at lines 1031--1032
\OT1/ptm/m/n/10 model update hash along with the corresponding
 []

[13]
Underfull \hbox (badness 4156) in paragraph at lines 1051--1052
\OT1/ptm/m/n/10 model's validation loss plateaus or increases---an
 []


Underfull \hbox (badness 10000) in paragraph at lines 1074--1074
[]|\OT1/ptm/m/n/8 Server compromise
 []


Underfull \hbox (badness 10000) in paragraph at lines 1074--1074
[]|\OT1/ptm/m/n/8 Realistic high-impact
 []


Underfull \hbox (badness 10000) in paragraph at lines 1074--1074
[]|\OT1/ptm/m/n/8 Without experiments,
 []


Underfull \hbox (badness 10000) in paragraph at lines 1074--1074
[]|\OT1/ptm/m/n/8 Convergence not
 []


Underfull \hbox (badness 10000) in paragraph at lines 1074--1074
[]|\OT1/ptm/m/n/8 Non-stationary patterns
 []


Underfull \hbox (badness 10000) in paragraph at lines 1082--1084
\OT1/ptm/m/n/10 regulator's primary concern is systemic stability: a
 []


Underfull \hbox (badness 1874) in paragraph at lines 1082--1084
\OT1/ptm/m/n/10 compromised global model causes false declines across
 []


Underfull \hbox (badness 4556) in paragraph at lines 1085--1086
[]\OT1/ptm/m/n/10 Transparency into the per-client flagging rationale
 []


Underfull \hbox (badness 7379) in paragraph at lines 1086--1087
[]\OT1/ptm/m/n/10 Mechanism design aligning bank incentives with
 []


Underfull \hbox (badness 10000) in paragraph at lines 1086--1087
\OT1/ptm/m/n/10 consortium health (addressed via Shapley-based
 []


Underfull \hbox (badness 10000) in paragraph at lines 1091--1092
[]\OT1/ptm/m/n/10 Over-contribute benign-looking gradients to build
 []


Underfull \hbox (badness 2790) in paragraph at lines 1092--1093
[]\OT1/ptm/m/n/10 Opt out of sharing high-value transaction features
 []


Underfull \hbox (badness 2790) in paragraph at lines 1098--1099
[]\OT1/ptm/m/n/10 The customer has no direct relationship with the
 []


Underfull \hbox (badness 3746) in paragraph at lines 1099--1100
[]\OT1/ptm/m/n/10 The customer's privacy guarantee is cryptographic
 []


Underfull \hbox (badness 2253) in paragraph at lines 1100--1101
[]\OT1/ptm/m/n/10 Recourse for a disputed decline remains with the
 []


Underfull \hbox (badness 10000) in paragraph at lines 1103--1104
[]\OT1/ptm/m/n/10 The architecture does not resolve all incentive
 []


Underfull \hbox (badness 2443) in paragraph at lines 1103--1104
\OT1/ptm/m/n/10 misalignments. It specifies the detection primitives and
 []


Underfull \hbox (badness 2600) in paragraph at lines 1113--1114
\OT1/ptm/m/n/10 TEE architecture (\TS1/ptm/m/n/10 §[][][][][]\OT1/ptm/m/n/10 ) 
mitigates this: gradients are
 []

[14]
Underfull \hbox (badness 5147) in paragraph at lines 1124--1125
\OT1/ptm/m/n/10 are not designed for: \OT1/ptm/b/n/10 temporally-adaptive, ince
ntive-
 []


Underfull \hbox (badness 2689) in paragraph at lines 1126--1127
\OT1/ptm/m/n/10 escalation policy. Formal analysis establishes a $\OMS/cmsy/m/n
/10 ^^X$\OT1/ptm/m/n/10 1.6%
 []


Underfull \hbox (badness 4752) in paragraph at lines 1128--1129
\OMS/cmsy/m/n/10 ^^X$\OT1/ptm/m/n/10 7 pp. Experimental validation is planned o
n cloud
 []

(paper.bbl
Underfull \hbox (badness 4634) in paragraph at lines 107--110
\OT1/ptm/m/n/8 Robust federated learning via adaptive model aggregation,'' in
 []


Underfull \hbox (badness 4752) in paragraph at lines 131--134
\OT1/ptm/m/n/8 Optimizing model poisoning attacks in federated learning,'' in
 []


Underfull \hbox (badness 2221) in paragraph at lines 136--139
[]\OT1/ptm/m/n/8 G. Baruch, M. Baruch, and Y. Goldberg, ``A little is enough:
 []


Underfull \hbox (badness 1546) in paragraph at lines 136--139
\OT1/ptm/m/n/8 Circumventing defenses for distributed learning,'' in \OT1/ptm/m
/it/8 Advances in
 []


Underfull \hbox (badness 10000) in paragraph at lines 145--148
[]\OT1/ptm/m/n/8 IEEE Computational Intelligence Society, ``IEEE-CIS fraud
 []


Underfull \hbox (badness 2608) in paragraph at lines 145--148
\OT1/ptm/m/n/8 detection dataset,'' 2019, kaggle. Available at [][]$https : / /
 kaggle . com /
 []


Underfull \hbox (badness 2556) in paragraph at lines 150--153
\OT1/ptm/m/n/8 probability with undersampling for unbalanced classification,'' 
in
 []


Underfull \hbox (badness 4353) in paragraph at lines 164--166
[]\OT1/ptm/m/n/8 G. W. Stewart, ``On the early history of the singular value
 []

) [15] (paper.aux)
 ***********
LaTeX2e <2026-06-01>
L3 programming layer <2026-05-26>
 ***********


LaTeX Font Warning: Some font shapes were not available, defaults substituted.

Package rerunfilecheck Info: File `paper.out' has not changed.
(rerunfilecheck)             Checksum: F94E30534D628EC11DA08F3C108D4888;15230.
 ) 
Here is how much of TeX's memory you used:
 12555 strings out of 469446
 195487 string characters out of 5460646
 643181 words of memory out of 5000000
 41171 multiletter control sequences out of 15000+600000
 678494 words of font info for 138 fonts, out of 8000000 for 9000
 0 hyphenation exceptions out of 8191
 74i,20n,83p,2050b,574s stack positions out of 10000i,1000n,20000p,200000b,200000s
</home/tempest/.miktex/texmfs/install/fonts/type1/public/amsfonts/cm/cmbx10.p
fb></home/tempest/.miktex/texmfs/install/fonts/type1/public/amsfonts/cm/cmbx8.p
fb></home/tempest/.miktex/texmfs/install/fonts/type1/public/amsfonts/cm/cmex10.
pfb></home/tempest/.miktex/texmfs/install/fonts/type1/public/amsfonts/cm/cmmi10
.pfb></home/tempest/.miktex/texmfs/install/fonts/type1/public/amsfonts/cm/cmmi5
.pfb></home/tempest/.miktex/texmfs/install/fonts/type1/public/amsfonts/cm/cmmi6
.pfb></home/tempest/.miktex/texmfs/install/fonts/type1/public/amsfonts/cm/cmmi7
.pfb></home/tempest/.miktex/texmfs/install/fonts/type1/public/amsfonts/cm/cmmi8
.pfb></home/tempest/.miktex/texmfs/install/fonts/type1/public/amsfonts/cm/cmmi9
.pfb></home/tempest/.miktex/texmfs/install/fonts/type1/public/amsfonts/cm/cmr10
.pfb></home/tempest/.miktex/texmfs/install/fonts/type1/public/amsfonts/cm/cmr5.
pfb></home/tempest/.miktex/texmfs/install/fonts/type1/public/amsfonts/cm/cmr6.p
fb></home/tempest/.miktex/texmfs/install/fonts/type1/public/amsfonts/cm/cmr7.pf
b></home/tempest/.miktex/texmfs/install/fonts/type1/public/amsfonts/cm/cmr8.pfb
></home/tempest/.miktex/texmfs/install/fonts/type1/public/amsfonts/cm/cmr9.pfb>
</home/tempest/.miktex/texmfs/install/fonts/type1/public/amsfonts/cm/cmsy10.pfb
></home/tempest/.miktex/texmfs/install/fonts/type1/public/amsfonts/cm/cmsy6.pfb
></home/tempest/.miktex/texmfs/install/fonts/type1/public/amsfonts/cm/cmsy7.pfb
></home/tempest/.miktex/texmfs/install/fonts/type1/public/amsfonts/cm/cmsy8.pfb
></home/tempest/.miktex/texmfs/install/fonts/type1/public/amsfonts/cm/cmsy9.pfb
></home/tempest/.miktex/texmfs/install/fonts/type1/public/amsfonts/symbols/msam
10.pfb></home/tempest/.miktex/texmfs/install/fonts/type1/public/amsfonts/symbol
s/msbm10.pfb></home/tempest/.miktex/texmfs/install/fonts/type1/urw/courier/ucrr
8a.pfb></home/tempest/.miktex/texmfs/install/fonts/type1/urw/times/utmb8a.pfb><
/home/tempest/.miktex/texmfs/install/fonts/type1/urw/times/utmbi8a.pfb></home/t
empest/.miktex/texmfs/install/fonts/type1/urw/times/utmr8a.pfb></home/tempest/.
miktex/texmfs/install/fonts/type1/urw/times/utmri8a.pfb>
Output written on paper.pdf (15 pages, 496002 bytes).
PDF statistics:
 773 PDF objects out of 1000 (max. 8388607)
 195 named destinations out of 1000 (max. 500000)
 617 words of extra memory for PDF output out of 10000 (max. 10000000)

